<?xml version="1.0" encoding="UTF-8"?>
<!-- Generated by org.testng.reporters.JUnitReportReporter -->
<testsuite hostname="Jai-Shree-Ram" failures="0" tests="1" name="property_file.Get_property" time="0.075" errors="0" timestamp="2025-03-19T17:54:02 IST" skipped="0">
  <testcase classname="property_file.Get_property" name="get" time="0.075"/>
  <system-out/>
</testsuite> <!-- property_file.Get_property -->
