<?xml version="1.0" encoding="UTF-8"?>
<!-- Generated by org.testng.reporters.JUnitReportReporter -->
<testsuite hostname="Jai-Shree-Ram" failures="0" tests="1" name="gherkin.Spec_builder" time="16.386" errors="0" timestamp="2025-03-14T18:06:34 IST" skipped="0">
  <testcase classname="gherkin.Spec_builder" name="post" time="16.386"/>
  <system-out/>
</testsuite> <!-- gherkin.Spec_builder -->
