<?xml version="1.0" encoding="UTF-8"?>
<!-- Generated by org.testng.reporters.JUnitReportReporter -->
<testsuite hostname="Jai-Shree-Ram" failures="0" tests="1" name="pojo.Restful_runner" time="22.713" errors="0" timestamp="2025-03-13T18:44:33 IST" skipped="0">
  <testcase classname="pojo.Restful_runner" name="createbooking" time="22.713"/>
  <system-out/>
</testsuite> <!-- pojo.Restful_runner -->
