<?xml version="1.0" encoding="UTF-8"?>
<!-- Generated by org.testng.reporters.JUnitReportReporter -->
<testsuite hostname="Jai-Shree-Ram" failures="0" tests="1" name="pojo.Shopper_runner" time="14.313" errors="0" timestamp="2025-03-14T18:28:03 IST" skipped="0">
  <testcase classname="pojo.Shopper_runner" name="create" time="14.313"/>
  <system-out/>
</testsuite> <!-- pojo.Shopper_runner -->
