<?xml version="1.0" encoding="UTF-8"?>
<!-- Generated by org.testng.reporters.JUnitReportReporter -->
<testsuite hostname="Jai-Shree-Ram" failures="0" tests="1" name="gherkin.Restfullbooker" time="13.721" errors="0" timestamp="2025-03-14T17:53:10 IST" skipped="0">
  <testcase classname="gherkin.Restfullbooker" name="update" time="13.721"/>
  <system-out/>
</testsuite> <!-- gherkin.Restfullbooker -->
