<?xml version="1.0" encoding="UTF-8"?>
<!-- Generated by org.testng.reporters.JUnitReportReporter -->
<testsuite hostname="Jai-Shree-Ram" failures="0" tests="1" name="pojo.Reqres_runner" time="17.992" errors="0" timestamp="2025-03-12T18:11:46 IST" skipped="0">
  <testcase classname="pojo.Reqres_runner" name="post" time="17.992"/>
  <system-out/>
</testsuite> <!-- pojo.Reqres_runner -->
