<?xml version="1.0" encoding="UTF-8"?>
<!-- Generated by org.testng.reporters.JUnitReportReporter -->
<testsuite hostname="Jai-Shree-Ram" failures="0" tests="1" name="generic.Reqres_post" time="13.879" errors="0" timestamp="2025-03-20T17:35:04 IST" skipped="0">
  <testcase classname="generic.Reqres_post" name="post" time="13.879"/>
  <system-out/>
</testsuite> <!-- generic.Reqres_post -->
