<?xml version="1.0" encoding="UTF-8"?>
<!-- Generated by org.testng.reporters.JUnitReportReporter -->
<testsuite hostname="Jai-Shree-Ram" failures="0" tests="3" name="gherkin.Reqres" time="11.942" errors="0" timestamp="2025-03-05T18:45:23 IST" skipped="0">
  <testcase classname="gherkin.Reqres" name="put" time="0.821"/>
  <system-out/>
  <testcase classname="gherkin.Reqres" name="post" time="0.973"/>
  <system-out/>
  <testcase classname="gherkin.Reqres" name="get" time="10.148"/>
  <system-out/>
</testsuite> <!-- gherkin.Reqres -->
