<?xml version="1.0" encoding="UTF-8"?>
<!-- Generated by org.testng.reporters.JUnitReportReporter -->
<testsuite hostname="Jai-Shree-Ram" failures="0" tests="1" name="gherkin.Shopperstack" time="11.670" errors="0" timestamp="2025-03-19T18:36:51 IST" skipped="0">
  <testcase classname="gherkin.Shopperstack" name="getshoppeid" time="11.670"/>
  <system-out/>
</testsuite> <!-- gherkin.Shopperstack -->
